Fecha: Fri May 10 2024 18:41:49 GMT-0300 (hora estándar de Argentina)
Ruta: /data.txt
Fecha: Fri May 10 2024 18:47:12 GMT-0300 (hora estándar de Argentina)
Ruta: /data.txt
Fecha: Fri May 10 2024 20:33:56 GMT-0300 (hora estándar de Argentina)
Ruta: /data.html
Fecha: Fri May 10 2024 20:34:03 GMT-0300 (hora estándar de Argentina)
Ruta: /data.txt
Fecha: Fri May 10 2024 20:34:05 GMT-0300 (hora estándar de Argentina)
Ruta: /data.html
Fecha: Fri May 10 2024 20:39:22 GMT-0300 (hora estándar de Argentina)
Ruta: /data.txt
Fecha: Fri May 10 2024 20:45:56 GMT-0300 (hora estándar de Argentina)
Ruta: /favicon.ico
Fecha: Mon May 13 2024 21:38:18 GMT-0300 (hora estándar de Argentina)
Ruta: /data.txt
Fecha: Mon May 13 2024 21:41:58 GMT-0300 (hora estándar de Argentina)
Ruta: /data.txt
Fecha: Mon May 13 2024 21:43:21 GMT-0300 (hora estándar de Argentina)
Ruta: /data.html
Fecha: Mon May 13 2024 21:44:42 GMT-0300 (hora estándar de Argentina)
Ruta: /data.txt
Fecha: Mon May 13 2024 21:48:39 GMT-0300 (hora estándar de Argentina)
Ruta: /data.txt
Fecha: Mon May 13 2024 21:48:43 GMT-0300 (hora estándar de Argentina)
Ruta: /data.html
Fecha: Mon May 13 2024 21:49:20 GMT-0300 (hora estándar de Argentina)
Ruta: /data.txts
Fecha: Mon May 13 2024 21:49:28 GMT-0300 (hora estándar de Argentina)
Ruta: /data.txt
Fecha: Mon May 13 2024 21:49:50 GMT-0300 (hora estándar de Argentina)
Ruta: /data.html
Fecha: Mon May 13 2024 21:49:52 GMT-0300 (hora estándar de Argentina)
Ruta: /data.txt
Fecha: Mon May 13 2024 21:49:53 GMT-0300 (hora estándar de Argentina)
Ruta: /data.html
Fecha: Mon May 13 2024 21:50:42 GMT-0300 (hora estándar de Argentina)
Ruta: /data.txt
Fecha: Mon May 13 2024 21:53:14 GMT-0300 (hora estándar de Argentina)
Ruta: /data.txt
Fecha: Mon May 13 2024 21:53:19 GMT-0300 (hora estándar de Argentina)
Ruta: /data.html
Fecha: Mon May 13 2024 21:55:30 GMT-0300 (hora estándar de Argentina)
Ruta: /data.txt
Fecha: Mon May 13 2024 21:55:33 GMT-0300 (hora estándar de Argentina)
Ruta: /data.html
Fecha: Mon May 13 2024 21:55:58 GMT-0300 (hora estándar de Argentina)
Ruta: /data.txt
Fecha: Mon May 13 2024 21:56:00 GMT-0300 (hora estándar de Argentina)
Ruta: /data.html
Fecha: Mon May 13 2024 21:56:14 GMT-0300 (hora estándar de Argentina)
Ruta: /data.txts
Fecha: Mon May 13 2024 21:59:53 GMT-0300 (hora estándar de Argentina)
Ruta: /data.txts
Fecha: Mon May 13 2024 22:00:36 GMT-0300 (hora estándar de Argentina)
Ruta: /data.txts
Fecha: Mon May 13 2024 22:01:44 GMT-0300 (hora estándar de Argentina)
Ruta: /data.txts
Fecha: Mon May 13 2024 22:02:24 GMT-0300 (hora estándar de Argentina)
Ruta: /data.txts
Fecha: Mon May 13 2024 22:02:54 GMT-0300 (hora estándar de Argentina)
Ruta: /data.txts
Fecha: Mon May 13 2024 22:03:15 GMT-0300 (hora estándar de Argentina)
Ruta: /data.txts
Fecha: Mon May 13 2024 22:03:35 GMT-0300 (hora estándar de Argentina)
Ruta: /data.txts
